<?xml version="1.0" encoding="UTF-8"?>
<!-- Generated by org.testng.reporters.JUnitReportReporter -->
<testsuite hostname="oslt-0014" failures="0" tests="2" name="com.crm.qa.testcases.ContactsPageTest" time="19.654" errors="0" timestamp="2021-03-22T13:27:55 IST" skipped="0">
  <testcase classname="com.crm.qa.testcases.ContactsPageTest" name="verifyContactsNameTest" time="8.751"/>
  <system-out/>
  <testcase classname="com.crm.qa.testcases.ContactsPageTest" name="deleteMemberTest" time="10.903"/>
  <system-out/>
</testsuite> <!-- com.crm.qa.testcases.ContactsPageTest -->
