<?xml version="1.0" encoding="UTF-8"?>
<!-- Generated by org.testng.reporters.JUnitReportReporter -->
<testsuite hostname="oslt-0014" failures="0" tests="3" name="com.crm.qa.testcases.HomePageTest" time="25.584" errors="0" timestamp="2021-03-22T13:31:02 IST" skipped="0">
  <testcase classname="com.crm.qa.testcases.HomePageTest" name="verifyHomePageTitleTest" time="6.534"/>
  <system-out/>
  <testcase classname="com.crm.qa.testcases.HomePageTest" name="verifyCorrectUserNameTest" time="7.872"/>
  <system-out/>
  <testcase classname="com.crm.qa.testcases.HomePageTest" name="clickOnContactsLinkTest" time="11.178"/>
  <system-out/>
</testsuite> <!-- com.crm.qa.testcases.HomePageTest -->
